Build started 17-07-2023 10:51:14.
     1>Project "C:\Users\dwiji\OneDrive\Documents\Visual Studio 2010\Projects\Project\Project\Project.vcxproj" on node 2 (build target(s)).
     1>InitializeBuildStatus:
         Creating "Debug\Project.unsuccessfulbuild" because "AlwaysCreate" was specified.
       ClCompile:
         C:\Program Files (x86)\Microsoft Visual Studio 10.0\VC\bin\CL.exe /c /ZI /nologo /W3 /WX- /Od /Oy- /D WIN32 /D _DEBUG /D _CONSOLE /D _UNICODE /D UNICODE /Gm /EHsc /RTC1 /MDd /GS /fp:precise /Zc:wchar_t /Zc:forScope /Fo"Debug\\" /Fd"Debug\vc100.pdb" /Gd /TP /analyze- /errorReport:prompt DoublePendulum.cpp
         DoublePendulum.cpp
     1>c:\users\dwiji\onedrive\documents\visual studio 2010\projects\project\project\doublependulum.cpp(174): warning C4996: 'scanf': This function or variable may be unsafe. Consider using scanf_s instead. To disable deprecation, use _CRT_SECURE_NO_WARNINGS. See online help for details.
                 c:\program files (x86)\microsoft visual studio 10.0\vc\include\stdio.h(304) : see declaration of 'scanf'
     1>c:\users\dwiji\onedrive\documents\visual studio 2010\projects\project\project\doublependulum.cpp(176): warning C4996: 'scanf': This function or variable may be unsafe. Consider using scanf_s instead. To disable deprecation, use _CRT_SECURE_NO_WARNINGS. See online help for details.
                 c:\program files (x86)\microsoft visual studio 10.0\vc\include\stdio.h(304) : see declaration of 'scanf'
     1>c:\users\dwiji\onedrive\documents\visual studio 2010\projects\project\project\doublependulum.cpp(179): warning C4996: 'scanf': This function or variable may be unsafe. Consider using scanf_s instead. To disable deprecation, use _CRT_SECURE_NO_WARNINGS. See online help for details.
                 c:\program files (x86)\microsoft visual studio 10.0\vc\include\stdio.h(304) : see declaration of 'scanf'
     1>c:\users\dwiji\onedrive\documents\visual studio 2010\projects\project\project\doublependulum.cpp(181): warning C4996: 'scanf': This function or variable may be unsafe. Consider using scanf_s instead. To disable deprecation, use _CRT_SECURE_NO_WARNINGS. See online help for details.
                 c:\program files (x86)\microsoft visual studio 10.0\vc\include\stdio.h(304) : see declaration of 'scanf'
     1>c:\users\dwiji\onedrive\documents\visual studio 2010\projects\project\project\doublependulum.cpp(184): warning C4996: 'scanf': This function or variable may be unsafe. Consider using scanf_s instead. To disable deprecation, use _CRT_SECURE_NO_WARNINGS. See online help for details.
                 c:\program files (x86)\microsoft visual studio 10.0\vc\include\stdio.h(304) : see declaration of 'scanf'
     1>c:\users\dwiji\onedrive\documents\visual studio 2010\projects\project\project\doublependulum.cpp(186): warning C4996: 'scanf': This function or variable may be unsafe. Consider using scanf_s instead. To disable deprecation, use _CRT_SECURE_NO_WARNINGS. See online help for details.
                 c:\program files (x86)\microsoft visual studio 10.0\vc\include\stdio.h(304) : see declaration of 'scanf'
       ManifestResourceCompile:
         All outputs are up-to-date.
       Link:
         C:\Program Files (x86)\Microsoft Visual Studio 10.0\VC\bin\link.exe /ERRORREPORT:PROMPT /OUT:"C:\Users\dwiji\OneDrive\Documents\Visual Studio 2010\Projects\Project\Debug\Project.exe" /INCREMENTAL /NOLOGO kernel32.lib user32.lib gdi32.lib winspool.lib comdlg32.lib advapi32.lib shell32.lib ole32.lib oleaut32.lib uuid.lib odbc32.lib odbccp32.lib /MANIFEST /ManifestFile:"Debug\Project.exe.intermediate.manifest" /MANIFESTUAC:"level='asInvoker' uiAccess='false'" /DEBUG /PDB:"C:\Users\dwiji\OneDrive\Documents\Visual Studio 2010\Projects\Project\Debug\Project.pdb" /SUBSYSTEM:CONSOLE /TLBID:1 /DYNAMICBASE /NXCOMPAT /IMPLIB:"C:\Users\dwiji\OneDrive\Documents\Visual Studio 2010\Projects\Project\Debug\Project.lib" /MACHINE:X86 Debug\Project.exe.embed.manifest.res
         Debug\DoublePendulum.obj
       Manifest:
         C:\Program Files (x86)\Microsoft SDKs\Windows\v7.0A\bin\mt.exe /nologo /verbose /out:"Debug\Project.exe.embed.manifest" /manifest Debug\Project.exe.intermediate.manifest
         All outputs are up-to-date.
       LinkEmbedManifest:
         All outputs are up-to-date.
         Project.vcxproj -> C:\Users\dwiji\OneDrive\Documents\Visual Studio 2010\Projects\Project\Debug\Project.exe
       FinalizeBuildStatus:
         Deleting file "Debug\Project.unsuccessfulbuild".
         Touching "Debug\Project.lastbuildstate".
     1>Done Building Project "C:\Users\dwiji\OneDrive\Documents\Visual Studio 2010\Projects\Project\Project\Project.vcxproj" (build target(s)).

Build succeeded.

Time Elapsed 00:00:02.72
